<?xml version="1.0" encoding="UTF-8"?><testrun name="Admin" project="Admin" tests="11" started="11" failures="0" errors="1" ignored="0">
  <testsuite name="com.admin.AdminApplicationTests" time="0.222" displayname="AdminApplicationTests" uniqueid="[engine:junit-jupiter]/[class:com.admin.AdminApplicationTests]">
    <testcase name="contextLoads" classname="com.admin.AdminApplicationTests" time="0.222" displayname="contextLoads()" uniqueid="[engine:junit-jupiter]/[class:com.admin.AdminApplicationTests]/[method:contextLoads()]"/>
  </testsuite>
  <testsuite name="com.admin.Repo.AdminTestCheck" time="1.509" displayname="AdminTestCheck" uniqueid="[engine:junit-jupiter]/[class:com.admin.Repo.AdminTestCheck]">
    <testcase name="airlineSavecheck" classname="com.admin.Repo.AdminTestCheck" time="0.332" displayname="airlineSavecheck()" uniqueid="[engine:junit-jupiter]/[class:com.admin.Repo.AdminTestCheck]/[method:airlineSavecheck()]"/>
    <testcase name="saveFlightcheck" classname="com.admin.Repo.AdminTestCheck" time="0.078" displayname="saveFlightcheck()" uniqueid="[engine:junit-jupiter]/[class:com.admin.Repo.AdminTestCheck]/[method:saveFlightcheck()]"/>
    <testcase name="deactivateAirline" classname="com.admin.Repo.AdminTestCheck" time="0.117" displayname="deactivateAirline()" uniqueid="[engine:junit-jupiter]/[class:com.admin.Repo.AdminTestCheck]/[method:deactivateAirline()]"/>
    <testcase name="airlineList" classname="com.admin.Repo.AdminTestCheck" time="0.531" displayname="airlineList()" uniqueid="[engine:junit-jupiter]/[class:com.admin.Repo.AdminTestCheck]/[method:airlineList()]"/>
    <testcase name="updateFlightcheck" classname="com.admin.Repo.AdminTestCheck" time="0.09" displayname="updateFlightcheck()" uniqueid="[engine:junit-jupiter]/[class:com.admin.Repo.AdminTestCheck]/[method:updateFlightcheck()]"/>
    <testcase name="deleteairlinecheck" classname="com.admin.Repo.AdminTestCheck" time="0.085" displayname="deleteairlinecheck()" uniqueid="[engine:junit-jupiter]/[class:com.admin.Repo.AdminTestCheck]/[method:deleteairlinecheck()]">
      <error>java.util.NoSuchElementException: No value present&#13;
	at java.base/java.util.Optional.orElseThrow(Optional.java:382)&#13;
	at com.admin.Repo.AdminTestCheck.deleteairlinecheck(AdminTestCheck.java:169)&#13;
	at java.base/jdk.internal.reflect.NativeMethodAccessorImpl.invoke0(Native Method)&#13;
	at java.base/jdk.internal.reflect.NativeMethodAccessorImpl.invoke(NativeMethodAccessorImpl.java:62)&#13;
	at java.base/jdk.internal.reflect.DelegatingMethodAccessorImpl.invoke(DelegatingMethodAccessorImpl.java:43)&#13;
	at java.base/java.lang.reflect.Method.invoke(Method.java:566)&#13;
	at org.junit.platform.commons.util.ReflectionUtils.invokeMethod(ReflectionUtils.java:688)&#13;
	at org.junit.jupiter.engine.execution.MethodInvocation.proceed(MethodInvocation.java:60)&#13;
	at org.junit.jupiter.engine.execution.InvocationInterceptorChain$ValidatingInvocation.proceed(InvocationInterceptorChain.java:131)&#13;
	at org.junit.jupiter.engine.extension.TimeoutExtension.intercept(TimeoutExtension.java:149)&#13;
	at org.junit.jupiter.engine.extension.TimeoutExtension.interceptTestableMethod(TimeoutExtension.java:140)&#13;
	at org.junit.jupiter.engine.extension.TimeoutExtension.interceptTestMethod(TimeoutExtension.java:84)&#13;
	at org.junit.jupiter.engine.execution.ExecutableInvoker$ReflectiveInterceptorCall.lambda$ofVoidMethod$0(ExecutableInvoker.java:115)&#13;
	at org.junit.jupiter.engine.execution.ExecutableInvoker.lambda$invoke$0(ExecutableInvoker.java:105)&#13;
	at org.junit.jupiter.engine.execution.InvocationInterceptorChain$InterceptedInvocation.proceed(InvocationInterceptorChain.java:106)&#13;
	at org.junit.jupiter.engine.execution.InvocationInterceptorChain.proceed(InvocationInterceptorChain.java:64)&#13;
	at org.junit.jupiter.engine.execution.InvocationInterceptorChain.chainAndInvoke(InvocationInterceptorChain.java:45)&#13;
	at org.junit.jupiter.engine.execution.InvocationInterceptorChain.invoke(InvocationInterceptorChain.java:37)&#13;
	at org.junit.jupiter.engine.execution.ExecutableInvoker.invoke(ExecutableInvoker.java:104)&#13;
	at org.junit.jupiter.engine.execution.ExecutableInvoker.invoke(ExecutableInvoker.java:98)&#13;
	at org.junit.jupiter.engine.descriptor.TestMethodTestDescriptor.lambda$invokeTestMethod$6(TestMethodTestDescriptor.java:210)&#13;
	at org.junit.platform.engine.support.hierarchical.ThrowableCollector.execute(ThrowableCollector.java:73)&#13;
	at org.junit.jupiter.engine.descriptor.TestMethodTestDescriptor.invokeTestMethod(TestMethodTestDescriptor.java:206)&#13;
	at org.junit.jupiter.engine.descriptor.TestMethodTestDescriptor.execute(TestMethodTestDescriptor.java:131)&#13;
	at org.junit.jupiter.engine.descriptor.TestMethodTestDescriptor.execute(TestMethodTestDescriptor.java:65)&#13;
	at org.junit.platform.engine.support.hierarchical.NodeTestTask.lambda$executeRecursively$5(NodeTestTask.java:139)&#13;
	at org.junit.platform.engine.support.hierarchical.ThrowableCollector.execute(ThrowableCollector.java:73)&#13;
	at org.junit.platform.engine.support.hierarchical.NodeTestTask.lambda$executeRecursively$7(NodeTestTask.java:129)&#13;
	at org.junit.platform.engine.support.hierarchical.Node.around(Node.java:137)&#13;
	at org.junit.platform.engine.support.hierarchical.NodeTestTask.lambda$executeRecursively$8(NodeTestTask.java:127)&#13;
	at org.junit.platform.engine.support.hierarchical.ThrowableCollector.execute(ThrowableCollector.java:73)&#13;
	at org.junit.platform.engine.support.hierarchical.NodeTestTask.executeRecursively(NodeTestTask.java:126)&#13;
	at org.junit.platform.engine.support.hierarchical.NodeTestTask.execute(NodeTestTask.java:84)&#13;
	at java.base/java.util.ArrayList.forEach(ArrayList.java:1541)&#13;
	at org.junit.platform.engine.support.hierarchical.SameThreadHierarchicalTestExecutorService.invokeAll(SameThreadHierarchicalTestExecutorService.java:38)&#13;
	at org.junit.platform.engine.support.hierarchical.NodeTestTask.lambda$executeRecursively$5(NodeTestTask.java:143)&#13;
	at org.junit.platform.engine.support.hierarchical.ThrowableCollector.execute(ThrowableCollector.java:73)&#13;
	at org.junit.platform.engine.support.hierarchical.NodeTestTask.lambda$executeRecursively$7(NodeTestTask.java:129)&#13;
	at org.junit.platform.engine.support.hierarchical.Node.around(Node.java:137)&#13;
	at org.junit.platform.engine.support.hierarchical.NodeTestTask.lambda$executeRecursively$8(NodeTestTask.java:127)&#13;
	at org.junit.platform.engine.support.hierarchical.ThrowableCollector.execute(ThrowableCollector.java:73)&#13;
	at org.junit.platform.engine.support.hierarchical.NodeTestTask.executeRecursively(NodeTestTask.java:126)&#13;
	at org.junit.platform.engine.support.hierarchical.NodeTestTask.execute(NodeTestTask.java:84)&#13;
	at java.base/java.util.ArrayList.forEach(ArrayList.java:1541)&#13;
	at org.junit.platform.engine.support.hierarchical.SameThreadHierarchicalTestExecutorService.invokeAll(SameThreadHierarchicalTestExecutorService.java:38)&#13;
	at org.junit.platform.engine.support.hierarchical.NodeTestTask.lambda$executeRecursively$5(NodeTestTask.java:143)&#13;
	at org.junit.platform.engine.support.hierarchical.ThrowableCollector.execute(ThrowableCollector.java:73)&#13;
	at org.junit.platform.engine.support.hierarchical.NodeTestTask.lambda$executeRecursively$7(NodeTestTask.java:129)&#13;
	at org.junit.platform.engine.support.hierarchical.Node.around(Node.java:137)&#13;
	at org.junit.platform.engine.support.hierarchical.NodeTestTask.lambda$executeRecursively$8(NodeTestTask.java:127)&#13;
	at org.junit.platform.engine.support.hierarchical.ThrowableCollector.execute(ThrowableCollector.java:73)&#13;
	at org.junit.platform.engine.support.hierarchical.NodeTestTask.executeRecursively(NodeTestTask.java:126)&#13;
	at org.junit.platform.engine.support.hierarchical.NodeTestTask.execute(NodeTestTask.java:84)&#13;
	at org.junit.platform.engine.support.hierarchical.SameThreadHierarchicalTestExecutorService.submit(SameThreadHierarchicalTestExecutorService.java:32)&#13;
	at org.junit.platform.engine.support.hierarchical.HierarchicalTestExecutor.execute(HierarchicalTestExecutor.java:57)&#13;
	at org.junit.platform.engine.support.hierarchical.HierarchicalTestEngine.execute(HierarchicalTestEngine.java:51)&#13;
	at org.junit.platform.launcher.core.DefaultLauncher.execute(DefaultLauncher.java:229)&#13;
	at org.junit.platform.launcher.core.DefaultLauncher.lambda$execute$6(DefaultLauncher.java:197)&#13;
	at org.junit.platform.launcher.core.DefaultLauncher.withInterceptedStreams(DefaultLauncher.java:211)&#13;
	at org.junit.platform.launcher.core.DefaultLauncher.execute(DefaultLauncher.java:191)&#13;
	at org.junit.platform.launcher.core.DefaultLauncher.execute(DefaultLauncher.java:137)&#13;
	at org.eclipse.jdt.internal.junit5.runner.JUnit5TestReference.run(JUnit5TestReference.java:89)&#13;
	at org.eclipse.jdt.internal.junit.runner.TestExecution.run(TestExecution.java:41)&#13;
	at org.eclipse.jdt.internal.junit.runner.RemoteTestRunner.runTests(RemoteTestRunner.java:541)&#13;
	at org.eclipse.jdt.internal.junit.runner.RemoteTestRunner.runTests(RemoteTestRunner.java:763)&#13;
	at org.eclipse.jdt.internal.junit.runner.RemoteTestRunner.run(RemoteTestRunner.java:463)&#13;
	at org.eclipse.jdt.internal.junit.runner.RemoteTestRunner.main(RemoteTestRunner.java:209)&#13;
&#13;
</error>
    </testcase>
    <testcase name="updateairlinecheck" classname="com.admin.Repo.AdminTestCheck" time="0.074" displayname="updateairlinecheck()" uniqueid="[engine:junit-jupiter]/[class:com.admin.Repo.AdminTestCheck]/[method:updateairlinecheck()]"/>
    <testcase name="activateAirline" classname="com.admin.Repo.AdminTestCheck" time="0.074" displayname="activateAirline()" uniqueid="[engine:junit-jupiter]/[class:com.admin.Repo.AdminTestCheck]/[method:activateAirline()]"/>
    <testcase name="loadUserPresent" classname="com.admin.Repo.AdminTestCheck" time="0.093" displayname="loadUserPresent()" uniqueid="[engine:junit-jupiter]/[class:com.admin.Repo.AdminTestCheck]/[method:loadUserPresent()]"/>
    <testcase name="flightList" classname="com.admin.Repo.AdminTestCheck" time="0.032" displayname="flightList()" uniqueid="[engine:junit-jupiter]/[class:com.admin.Repo.AdminTestCheck]/[method:flightList()]"/>
  </testsuite>
</testrun>
